[2024-05-31 10:11:00,917] [INFO] [waffles_logger] [app:7] test
[2024-05-31 10:11:35,309] [INFO] [waffles_logger] [app:7] <_io.BytesIO object at 0x0000026720C053F0>
[2024-05-31 10:17:18,638] [INFO] [waffles_logger] [app:15] WE HAVE A TEXT INPUT: test
[2024-05-31 10:18:58,209] [INFO] [waffles_logger] [app:9] <class 'str'>
[2024-05-31 10:18:58,219] [INFO] [waffles_logger] [app:16] WE HAVE A TEXT INPUT: test
[2024-05-31 10:19:05,636] [INFO] [waffles_logger] [app:9] <class '_io.BytesIO'>
[2024-05-31 10:19:47,249] [INFO] [waffles_logger] [app:9] <class '_io.BytesIO'>
[2024-05-31 10:29:06,086] [INFO] [waffles_logger] [app:9] <class '_io.BytesIO'>
[2024-05-31 10:36:56,721] [INFO] [waffles_logger] [app:9] <class '_io.BytesIO'>
[2024-05-31 10:37:39,032] [INFO] [waffles_logger] [app:9] <class '_io.BytesIO'>
[2024-05-31 10:37:47,568] [INFO] [waffles_logger] [app:9] <class 'str'>
[2024-05-31 10:37:47,568] [INFO] [waffles_logger] [app:16] WE HAVE A TEXT INPUT: test
[2024-05-31 10:38:51,723] [INFO] [waffles_logger] [app:9] <class '_io.BytesIO'>
[2024-05-31 10:40:06,102] [INFO] [waffles_logger] [app:9] <class '_io.BytesIO'>
[2024-05-31 11:06:06,529] [INFO] [waffles_logger] [app:10] <class 'str'>
[2024-05-31 11:06:06,529] [INFO] [waffles_logger] [app:17] WE HAVE A TEXT INPUT: test
[2024-05-31 11:58:28,350] [INFO] [waffles_logger] [app:157] WE FINALLY HAVE A PDF, processing PDF
[2024-05-31 12:01:06,959] [INFO] [waffles_logger] [app:157] WE FINALLY HAVE A PDF, processing PDF
[2024-05-31 12:02:14,788] [INFO] [waffles_logger] [app:157] WE FINALLY HAVE A PDF, processing PDF
[2024-05-31 12:10:53,708] [INFO] [waffles_logger] [app:157] WE FINALLY HAVE A PDF, processing PDF
[2024-05-31 12:13:37,213] [INFO] [waffles_logger] [app:157] WE FINALLY HAVE A PDF, processing PDF
[2024-05-31 12:15:10,233] [INFO] [waffles_logger] [app:157] WE FINALLY HAVE A PDF, processing PDF
[2024-05-31 12:17:53,806] [INFO] [waffles_logger] [app:157] WE FINALLY HAVE A PDF, processing PDF
[2024-05-31 14:41:04,773] [INFO] [waffles_logger] [app:141] WE FINALLY HAVE A PDF, processing PDF
[2024-05-31 14:41:34,986] [INFO] [waffles_logger] [app:141] WE FINALLY HAVE A PDF, processing PDF
[2024-05-31 14:43:26,905] [INFO] [waffles_logger] [app:141] WE FINALLY HAVE A PDF, processing PDF
[2024-05-31 14:47:34,186] [INFO] [waffles_logger] [app:141] Processing pdf FileInput(accept='.pdf', filename='test_document_3.pdf', mime_type='application/pdf', name='PDF File', value=b'%PDF-1.7\n\n4 0 obj\n<<\...)
[2024-05-31 14:47:34,626] [INFO] [waffles_logger] [app:147] Finished processing pdf
[2024-05-31 15:00:12,326] [INFO] [waffles_logger] [app:141] Processing pdf FileInput(accept='.pdf', filename='test_document_3.pdf', mime_type='application/pdf', name='PDF File', value=b'%PDF-1.7\n\n4 0 obj\n<<\...)
[2024-05-31 15:00:12,715] [INFO] [waffles_logger] [app:147] Finished processing pdf
[2024-05-31 15:45:22,848] [INFO] [waffles_logger] [app:119] hello joshua gay
[2024-05-31 15:47:22,129] [INFO] [waffles_logger] [app:119] A question is asked: when is 9/11
[2024-05-31 15:52:21,857] [INFO] [waffles_logger] [app:119] A question is asked: who did 9/11
[2024-05-31 16:05:08,399] [INFO] [waffles_logger] [app:119] A question is asked: what happened during the September 11 attacks?
[2024-05-31 16:05:38,585] [INFO] [waffles_logger] [app:119] A question is asked: What other attacks did al-Qaeda conduct
[2024-05-31 16:06:41,020] [INFO] [waffles_logger] [app:119] A question is asked: Who is in al-Qaeda
[2024-05-31 16:07:21,534] [INFO] [waffles_logger] [app:119] A question is asked: What other terrorist groups are there?
[2024-05-31 16:07:42,260] [INFO] [waffles_logger] [app:119] A question is asked: What attacks were there in 2020?
[2024-05-31 16:14:31,552] [INFO] [waffles_logger] [app:119] A question is asked: Who is in al-Qaeda?
[2024-05-31 16:14:31,553] [INFO] [waffles_logger] [helper:209] Question asked: Who is in al-Qaeda?
[2024-05-31 16:15:01,391] [INFO] [waffles_logger] [app:119] A question is asked: who is in al-Qaeda?
[2024-05-31 16:15:01,393] [INFO] [waffles_logger] [helper:209] Question asked: who is in al-Qaeda?
[2024-05-31 16:15:01,394] [INFO] [waffles_logger] [helper:210] Chat history: []
[2024-05-31 16:15:12,386] [INFO] [waffles_logger] [app:119] A question is asked: what attacks did al-Qaeda do?
[2024-05-31 16:15:12,387] [INFO] [waffles_logger] [helper:209] Question asked: what attacks did al-Qaeda do?
[2024-05-31 16:15:12,388] [INFO] [waffles_logger] [helper:210] Chat history: [('who is in al-Qaeda?', 'Individuals associated with al-Qaeda include Osama bin Laden, Ayman al-Zawahiri, and other members of the terrorist organization.')]
[2024-05-31 16:22:23,710] [INFO] [waffles_logger] [app:119] A question is asked: who was involved in the September 11 attacks
[2024-05-31 16:22:23,711] [INFO] [waffles_logger] [helper:209] Question asked: who was involved in the September 11 attacks
[2024-05-31 16:22:23,712] [INFO] [waffles_logger] [helper:210] Chat history: []
[2024-05-31 16:22:37,813] [INFO] [waffles_logger] [app:119] A question is asked: What other attacks did al-Qaeda do?
[2024-05-31 16:22:37,814] [INFO] [waffles_logger] [helper:209] Question asked: What other attacks did al-Qaeda do?
[2024-05-31 16:22:37,815] [INFO] [waffles_logger] [helper:210] Chat history: [('who was involved in the September 11 attacks', 'The September 11 attacks involved 19 hijackers affiliated with the extremist group al-Qaeda.')]
[2024-05-31 16:22:57,112] [INFO] [waffles_logger] [app:119] A question is asked: What other prominent terrorist groups are there?
[2024-05-31 16:22:57,113] [INFO] [waffles_logger] [helper:209] Question asked: What other prominent terrorist groups are there?
[2024-05-31 16:22:57,114] [INFO] [waffles_logger] [helper:210] Chat history: [('who was involved in the September 11 attacks', 'The September 11 attacks involved 19 hijackers affiliated with the extremist group al-Qaeda.'), ('What other attacks did al-Qaeda do?', 'Al-Qaeda also carried out the 1998 United States embassy bombings in East Africa and the 2000 USS Cole bombing in Yemen.')]
[2024-05-31 16:23:11,743] [INFO] [waffles_logger] [app:119] A question is asked: Is Al-Qaeda the most dangerous one?
[2024-05-31 16:23:11,743] [INFO] [waffles_logger] [helper:209] Question asked: Is Al-Qaeda the most dangerous one?
[2024-05-31 16:23:11,746] [INFO] [waffles_logger] [helper:210] Chat history: [('who was involved in the September 11 attacks', 'The September 11 attacks involved 19 hijackers affiliated with the extremist group al-Qaeda.'), ('What other attacks did al-Qaeda do?', 'Al-Qaeda also carried out the 1998 United States embassy bombings in East Africa and the 2000 USS Cole bombing in Yemen.'), ('What other prominent terrorist groups are there?', 'Some other prominent terrorist groups include ISIS, Boko Haram, and the Taliban.')]
[2024-05-31 16:23:50,223] [INFO] [waffles_logger] [app:119] A question is asked: can you elaborate more please?
[2024-05-31 16:23:50,224] [INFO] [waffles_logger] [helper:209] Question asked: can you elaborate more please?
[2024-05-31 16:23:50,225] [INFO] [waffles_logger] [helper:210] Chat history: [('who was involved in the September 11 attacks', 'The September 11 attacks involved 19 hijackers affiliated with the extremist group al-Qaeda.'), ('What other attacks did al-Qaeda do?', 'Al-Qaeda also carried out the 1998 United States embassy bombings in East Africa and the 2000 USS Cole bombing in Yemen.'), ('What other prominent terrorist groups are there?', 'Some other prominent terrorist groups include ISIS, Boko Haram, and the Taliban.'), ('Is Al-Qaeda the most dangerous one?', 'Yes, Al-Qaeda is considered one of the most dangerous terrorist groups.')]
[2024-05-31 16:25:09,260] [INFO] [waffles_logger] [app:119] A question is asked: how did the september 11 attacks happen?
[2024-05-31 16:25:09,262] [INFO] [waffles_logger] [helper:209] Question asked: how did the september 11 attacks happen?
[2024-05-31 16:25:09,264] [INFO] [waffles_logger] [helper:210] Chat history: []
[2024-05-31 16:25:27,047] [INFO] [waffles_logger] [app:119] A question is asked: What other attacks did al-Qaeda conduct?
[2024-05-31 16:25:27,048] [INFO] [waffles_logger] [helper:209] Question asked: What other attacks did al-Qaeda conduct?
[2024-05-31 16:25:27,050] [INFO] [waffles_logger] [helper:210] Chat history: [('how did the september 11 attacks happen?', 'The September 11 attacks occurred on September 11, 2001, when 19 terrorists associated with the extremist group al-Qaeda hijacked four commercial airplanes. They crashed two planes into the Twin Towers of the World Trade Center in New York City, causing both towers to collapse. Another plane was flown into the Pentagon in Arlington, Virginia, while the fourth plane, United Airlines Flight 93, crashed into a field in Pennsylvania after passengers attempted to regain control from the hijackers. The attacks resulted in the deaths of nearly 3,000 people and caused significant destruction and devastation. The event led to a major shift in global politics, with the United States launching the War on Terror and invading Afghanistan to dismantle al-Qaeda and remove the Taliban from power.')]
[2024-05-31 16:25:48,077] [INFO] [waffles_logger] [app:119] A question is asked: Is ISIS more dangerous or al-Qaeda
[2024-05-31 16:25:48,077] [INFO] [waffles_logger] [helper:209] Question asked: Is ISIS more dangerous or al-Qaeda
[2024-05-31 16:25:48,077] [INFO] [waffles_logger] [helper:210] Chat history: [('how did the september 11 attacks happen?', 'The September 11 attacks occurred on September 11, 2001, when 19 terrorists associated with the extremist group al-Qaeda hijacked four commercial airplanes. They crashed two planes into the Twin Towers of the World Trade Center in New York City, causing both towers to collapse. Another plane was flown into the Pentagon in Arlington, Virginia, while the fourth plane, United Airlines Flight 93, crashed into a field in Pennsylvania after passengers attempted to regain control from the hijackers. The attacks resulted in the deaths of nearly 3,000 people and caused significant destruction and devastation. The event led to a major shift in global politics, with the United States launching the War on Terror and invading Afghanistan to dismantle al-Qaeda and remove the Taliban from power.'), ('What other attacks did al-Qaeda conduct?', "Some of the other attacks conducted by al-Qaeda include the 1998 United States embassy bombings in Kenya and Tanzania, the 2000 USS Cole bombing in Yemen, and the 2002 Bali bombings in Indonesia. These attacks were all carried out with the aim of causing mass casualties and instilling fear and chaos. Al-Qaeda's history of conducting such attacks has solidified its reputation as a dangerous terrorist organization with a global reach. The group's tactics have led to increased security measures and counterterrorism efforts by governments around the world to prevent future attacks.")]
[2024-05-31 16:26:21,459] [INFO] [waffles_logger] [app:106] Processing pdf FileInput(accept='.pdf', filename='test_document_3.pdf', mime_type='application/pdf', name='PDF File', value=b'%PDF-1.7\n\n4 0 obj\n<<\...)
[2024-05-31 16:26:21,965] [INFO] [waffles_logger] [app:109] Finished processing pdf
[2024-05-31 16:27:12,160] [INFO] [waffles_logger] [app:119] A question is asked: What happened with the Houthis in Yemen
[2024-05-31 16:27:12,160] [INFO] [waffles_logger] [helper:209] Question asked: What happened with the Houthis in Yemen
[2024-05-31 16:27:12,161] [INFO] [waffles_logger] [helper:210] Chat history: [('how did the september 11 attacks happen?', 'The September 11 attacks occurred on September 11, 2001, when 19 terrorists associated with the extremist group al-Qaeda hijacked four commercial airplanes. They crashed two planes into the Twin Towers of the World Trade Center in New York City, causing both towers to collapse. Another plane was flown into the Pentagon in Arlington, Virginia, while the fourth plane, United Airlines Flight 93, crashed into a field in Pennsylvania after passengers attempted to regain control from the hijackers. The attacks resulted in the deaths of nearly 3,000 people and caused significant destruction and devastation. The event led to a major shift in global politics, with the United States launching the War on Terror and invading Afghanistan to dismantle al-Qaeda and remove the Taliban from power.'), ('What other attacks did al-Qaeda conduct?', "Some of the other attacks conducted by al-Qaeda include the 1998 United States embassy bombings in Kenya and Tanzania, the 2000 USS Cole bombing in Yemen, and the 2002 Bali bombings in Indonesia. These attacks were all carried out with the aim of causing mass casualties and instilling fear and chaos. Al-Qaeda's history of conducting such attacks has solidified its reputation as a dangerous terrorist organization with a global reach. The group's tactics have led to increased security measures and counterterrorism efforts by governments around the world to prevent future attacks."), ('Is ISIS more dangerous or al-Qaeda', "Based on the information provided in the chat history, both ISIS and al-Qaeda are extremely dangerous terrorist organizations with a history of carrying out deadly attacks aimed at causing mass casualties and instilling fear. Al-Qaeda, responsible for the September 11 attacks in 2001, has conducted various other attacks such as the 1998 United States embassy bombings, the 2000 USS Cole bombing, and the 2002 Bali bombings. These attacks have demonstrated al-Qaeda's global reach and its willingness to use violence to achieve its goals. Similarly, ISIS has also carried out numerous brutal attacks, including beheadings, bombings, and mass shootings, in its pursuit of establishing a caliphate and spreading its extremist ideology. Both groups pose significant threats to global security and have led to increased counterterrorism efforts by governments worldwide. Ultimately, it is difficult to determine which group is more dangerous as both have proven to be ruthless and deadly in their actions.")]
[2024-05-31 16:27:41,187] [INFO] [waffles_logger] [app:106] Processing pdf FileInput(accept='.pdf', filename='test_document_3.pdf', mime_type='application/pdf', name='PDF File', value=b'%PDF-1.7\n\n4 0 obj\n<<\...)
[2024-05-31 16:27:41,597] [INFO] [waffles_logger] [app:109] Finished processing pdf
[2024-05-31 16:27:56,240] [INFO] [waffles_logger] [app:119] A question is asked: what happened in with the houthis in yemen
[2024-05-31 16:27:56,242] [INFO] [waffles_logger] [helper:209] Question asked: what happened in with the houthis in yemen
[2024-05-31 16:27:56,243] [INFO] [waffles_logger] [helper:210] Chat history: []
[2024-05-31 16:28:33,340] [INFO] [waffles_logger] [app:119] A question is asked: what are some terrorist attacks that these houthi rebels have done?
[2024-05-31 16:28:33,342] [INFO] [waffles_logger] [helper:209] Question asked: what are some terrorist attacks that these houthi rebels have done?
[2024-05-31 16:28:33,343] [INFO] [waffles_logger] [helper:210] Chat history: [('what happened in with the houthis in yemen', 'In Yemen, the Houthi rebels, also known as Ansar Allah, have been involved in a long-standing conflict with the Yemeni government and its allies. The Houthi movement originated in the northern part of Yemen and is made up of Zaidi Shia Muslims. They have been fighting against the government for years, with the conflict escalating in 2014 when they took control of the capital city, Sanaa. This led to a Saudi-led coalition intervening in support of the Yemeni government, leading to a devastating civil war that has caused widespread suffering and a humanitarian crisis in the country. The conflict is ongoing, with the Houthis continuing to control large parts of Yemen and engaging in sporadic fighting with government forces and their allies.')]
[2024-05-31 16:28:44,442] [INFO] [waffles_logger] [app:119] A question is asked: did they bomb people's houses
[2024-05-31 16:28:44,443] [INFO] [waffles_logger] [helper:209] Question asked: did they bomb people's houses
[2024-05-31 16:28:44,443] [INFO] [waffles_logger] [helper:210] Chat history: [('what happened in with the houthis in yemen', 'In Yemen, the Houthi rebels, also known as Ansar Allah, have been involved in a long-standing conflict with the Yemeni government and its allies. The Houthi movement originated in the northern part of Yemen and is made up of Zaidi Shia Muslims. They have been fighting against the government for years, with the conflict escalating in 2014 when they took control of the capital city, Sanaa. This led to a Saudi-led coalition intervening in support of the Yemeni government, leading to a devastating civil war that has caused widespread suffering and a humanitarian crisis in the country. The conflict is ongoing, with the Houthis continuing to control large parts of Yemen and engaging in sporadic fighting with government forces and their allies.'), ('what are some terrorist attacks that these houthi rebels have done?', 'The Houthi rebels, also known as Ansar Allah, have been involved in a long-standing conflict in Yemen. The conflict escalated in 2014 when they took control of the capital city, Sanaa, leading to a Saudi-led coalition intervening in support of the Yemeni government. This intervention sparked a devastating civil war that has caused widespread suffering and a humanitarian crisis in the country. The Houthi rebels, who are Zaidi Shia Muslims from the northern part of Yemen, continue to control large parts of the country and engage in sporadic fighting with government forces and their allies. The conflict is ongoing, with no clear resolution in sight.')]
